<?xml version="1.0" encoding="utf-8"?><testsuites name="pytest tests"><testsuite name="pytest" errors="0" failures="0" skipped="0" tests="21" time="3.416" timestamp="2026-06-04T04:18:14.643387+00:00" hostname="agent-env-b5742fc4-f741-4fd0-a32f-0a86f648886e"><testcase classname="backend.tests.test_backend" name="test_root" time="0.190" /><testcase classname="backend.tests.test_backend" name="test_register" time="0.402" /><testcase classname="backend.tests.test_backend" name="test_register_duplicate" time="0.146" /><testcase classname="backend.tests.test_backend" name="test_login_admin" time="0.369" /><testcase classname="backend.tests.test_backend" name="test_login_bad" time="0.319" /><testcase classname="backend.tests.test_backend" name="test_me" time="0.140" /><testcase classname="backend.tests.test_backend" name="test_me_no_auth" time="0.105" /><testcase classname="backend.tests.test_backend" name="test_logout" time="0.105" /><testcase classname="backend.tests.test_backend" name="test_lessons" time="0.097" /><testcase classname="backend.tests.test_backend" name="test_lesson_by_id" time="0.114" /><testcase classname="backend.tests.test_backend" name="test_lesson_404" time="0.103" /><testcase classname="backend.tests.test_backend" name="test_quotes" time="0.104" /><testcase classname="backend.tests.test_backend" name="test_bosses" time="0.133" /><testcase classname="backend.tests.test_backend" name="test_record_session" time="0.116" /><testcase classname="backend.tests.test_backend" name="test_boss_session_slayer" time="0.109" /><testcase classname="backend.tests.test_backend" name="test_history" time="0.107" /><testcase classname="backend.tests.test_backend" name="test_stats_me" time="0.111" /><testcase classname="backend.tests.test_backend" name="test_leaderboard[wpm]" time="0.107" /><testcase classname="backend.tests.test_backend" name="test_leaderboard[xp]" time="0.116" /><testcase classname="backend.tests.test_backend" name="test_leaderboard[streak]" time="0.102" /><testcase classname="backend.tests.test_backend" name="test_achievements" time="0.137" /></testsuite></testsuites>