<?xml version="1.0" encoding="utf-8"?><testsuites name="pytest tests"><testsuite name="pytest" errors="0" failures="1" skipped="0" tests="28" time="4.308" timestamp="2026-06-04T04:31:22.678110+00:00" hostname="agent-env-b5742fc4-f741-4fd0-a32f-0a86f648886e"><testcase classname="backend.tests.test_backend" name="test_root" time="0.188" /><testcase classname="backend.tests.test_backend" name="test_register" time="0.376" /><testcase classname="backend.tests.test_backend" name="test_register_duplicate" time="0.110" /><testcase classname="backend.tests.test_backend" name="test_login_admin" time="0.334" /><testcase classname="backend.tests.test_backend" name="test_login_bad" time="0.350" /><testcase classname="backend.tests.test_backend" name="test_me" time="0.093" /><testcase classname="backend.tests.test_backend" name="test_me_no_auth" time="0.146" /><testcase classname="backend.tests.test_backend" name="test_logout" time="0.116" /><testcase classname="backend.tests.test_backend" name="test_lessons" time="0.114" /><testcase classname="backend.tests.test_backend" name="test_lesson_by_id" time="0.096" /><testcase classname="backend.tests.test_backend" name="test_lesson_404" time="0.121" /><testcase classname="backend.tests.test_backend" name="test_quotes" time="0.096" /><testcase classname="backend.tests.test_backend" name="test_bosses" time="0.095" /><testcase classname="backend.tests.test_backend" name="test_daily_public" time="0.100" /><testcase classname="backend.tests.test_backend" name="test_daily_status_requires_auth" time="0.097" /><testcase classname="backend.tests.test_backend" name="test_daily_status_authed" time="0.094" /><testcase classname="backend.tests.test_backend" name="test_race_setup" time="0.103" /><testcase classname="backend.tests.test_backend" name="test_session_daily_2x_xp" time="0.203" /><testcase classname="backend.tests.test_backend" name="test_session_custom_mode" time="0.110" /><testcase classname="backend.tests.test_backend" name="test_session_race_won_bonus" time="0.279" /><testcase classname="backend.tests.test_backend" name="test_record_session" time="0.098"><failure message="AssertionError: assert 'first_strike' in []">backend/tests/test_backend.py:203: in test_record_session
    assert "first_strike" in d["new_achievements"]
E   AssertionError: assert 'first_strike' in []</failure></testcase><testcase classname="backend.tests.test_backend" name="test_boss_session_slayer" time="0.122" /><testcase classname="backend.tests.test_backend" name="test_history" time="0.116" /><testcase classname="backend.tests.test_backend" name="test_stats_me" time="0.114" /><testcase classname="backend.tests.test_backend" name="test_leaderboard[wpm]" time="0.101" /><testcase classname="backend.tests.test_backend" name="test_leaderboard[xp]" time="0.104" /><testcase classname="backend.tests.test_backend" name="test_leaderboard[streak]" time="0.111" /><testcase classname="backend.tests.test_backend" name="test_achievements" time="0.111" /></testsuite></testsuites>